[30-Nov-2025 10:35:58 Europe/Berlin] === FORM DEBUG TEST ===
[30-Nov-2025 10:35:58 Europe/Berlin] REQUEST_METHOD: GET
[30-Nov-2025 10:35:58 Europe/Berlin] POST data: Array
(
)

[30-Nov-2025 10:35:58 Europe/Berlin] SESSION data: Array
(
    [pending_user_id] => 5
    [pending_user_email] => depotayawa@gmail.com
    [pending_role] => admin
    [otp_expires] => 2025-11-30 10:37:52
    [require_2fa] => 1
    [login_start_time] => 1764495177
    [csrf_token] => 96a2dee4889b5480af354abcdcccabee9c9961f6a5817ea546e1fc97e4742889
)

[30-Nov-2025 10:36:00 Europe/Berlin] === FORM DEBUG TEST ===
[30-Nov-2025 10:36:00 Europe/Berlin] REQUEST_METHOD: POST
[30-Nov-2025 10:36:00 Europe/Berlin] POST data: Array
(
    [test] => debug
)

[30-Nov-2025 10:36:00 Europe/Berlin] SESSION data: Array
(
    [pending_user_id] => 5
    [pending_user_email] => depotayawa@gmail.com
    [pending_role] => admin
    [otp_expires] => 2025-11-30 10:37:52
    [require_2fa] => 1
    [login_start_time] => 1764495177
    [csrf_token] => 96a2dee4889b5480af354abcdcccabee9c9961f6a5817ea546e1fc97e4742889
)

[30-Nov-2025 10:36:00 Europe/Berlin] POST request detected!
[30-Nov-2025 10:36:00 Europe/Berlin] Attempting redirect to otp_verify.php
